Started GET "/" for 127.0.0.1 at 2019-06-30 20:47:07 +0300
  
ActiveRecord::NoDatabaseError (FATAL:  database "ExpSol_development" does not exist
):
  
activerecord (6.0.0.rc1) lib/active_record/connection_adapters/postgresql_adapter.rb:50:in `rescue in postgresql_connection'
activerecord (6.0.0.rc1) lib/active_record/connection_adapters/postgresql_adapter.rb:33:in `postgresql_connection'
activerecord (6.0.0.rc1) lib/active_record/connection_adapters/abstract/connection_pool.rb:811:in `new_connection'
activerecord (6.0.0.rc1) lib/active_record/connection_adapters/abstract/connection_pool.rb:856:in `checkout_new_connection'
activerecord (6.0.0.rc1) lib/active_record/connection_adapters/abstract/connection_pool.rb:835:in `try_to_checkout_new_connection'
activerecord (6.0.0.rc1) lib/active_record/connection_adapters/abstract/connection_pool.rb:795:in `acquire_connection'
activerecord (6.0.0.rc1) lib/active_record/connection_adapters/abstract/connection_pool.rb:523:in `checkout'
activerecord (6.0.0.rc1) lib/active_record/connection_adapters/abstract/connection_pool.rb:382:in `connection'
activerecord (6.0.0.rc1) lib/active_record/connection_adapters/abstract/connection_pool.rb:1024:in `retrieve_connection'
activerecord (6.0.0.rc1) lib/active_record/connection_handling.rb:227:in `retrieve_connection'
activerecord (6.0.0.rc1) lib/active_record/connection_handling.rb:199:in `connection'
activerecord (6.0.0.rc1) lib/active_record/migration.rb:562:in `call'
actionpack (6.0.0.rc1) lib/action_dispatch/middleware/stack.rb:57:in `block in call'
activesupport (6.0.0.rc1) lib/active_support/notifications.rb:182:in `instrument'
actionpack (6.0.0.rc1) lib/action_dispatch/middleware/stack.rb:56:in `call'
actionpack (6.0.0.rc1) lib/action_dispatch/middleware/callbacks.rb:27:in `block in call'
activesupport (6.0.0.rc1) lib/active_support/callbacks.rb:101:in `run_callbacks'
actionpack (6.0.0.rc1) lib/action_dispatch/middleware/callbacks.rb:26:in `call'
actionpack (6.0.0.rc1) lib/action_dispatch/middleware/stack.rb:57:in `block in call'
activesupport (6.0.0.rc1) lib/active_support/notifications.rb:182:in `instrument'
actionpack (6.0.0.rc1) lib/action_dispatch/middleware/stack.rb:56:in `call'
actionpack (6.0.0.rc1) lib/action_dispatch/middleware/executor.rb:14:in `call'
actionpack (6.0.0.rc1) lib/action_dispatch/middleware/stack.rb:57:in `block in call'
activesupport (6.0.0.rc1) lib/active_support/notifications.rb:182:in `instrument'
actionpack (6.0.0.rc1) lib/action_dispatch/middleware/stack.rb:56:in `call'
actionpack (6.0.0.rc1) lib/action_dispatch/middleware/actionable_exceptions.rb:17:in `call'
actionpack (6.0.0.rc1) lib/action_dispatch/middleware/stack.rb:57:in `block in call'
activesupport (6.0.0.rc1) lib/active_support/notifications.rb:182:in `instrument'
actionpack (6.0.0.rc1) lib/action_dispatch/middleware/stack.rb:56:in `call'
actionpack (6.0.0.rc1) lib/action_dispatch/middleware/debug_exceptions.rb:32:in `call'
actionpack (6.0.0.rc1) lib/action_dispatch/middleware/stack.rb:57:in `block in call'
activesupport (6.0.0.rc1) lib/active_support/notifications.rb:182:in `instrument'
actionpack (6.0.0.rc1) lib/action_dispatch/middleware/stack.rb:56:in `call'
web-console (4.0.0) lib/web_console/middleware.rb:132:in `call_app'
web-console (4.0.0) lib/web_console/middleware.rb:28:in `block in call'
web-console (4.0.0) lib/web_console/middleware.rb:17:in `catch'
web-console (4.0.0) lib/web_console/middleware.rb:17:in `call'
actionpack (6.0.0.rc1) lib/action_dispatch/middleware/stack.rb:57:in `block in call'
activesupport (6.0.0.rc1) lib/active_support/notifications.rb:182:in `instrument'
actionpack (6.0.0.rc1) lib/action_dispatch/middleware/stack.rb:56:in `call'
actionpack (6.0.0.rc1) lib/action_dispatch/middleware/show_exceptions.rb:33:in `call'
actionpack (6.0.0.rc1) lib/action_dispatch/middleware/stack.rb:57:in `block in call'
activesupport (6.0.0.rc1) lib/active_support/notifications.rb:182:in `instrument'
actionpack (6.0.0.rc1) lib/action_dispatch/middleware/stack.rb:56:in `call'
railties (6.0.0.rc1) lib/rails/rack/logger.rb:38:in `call_app'
railties (6.0.0.rc1) lib/rails/rack/logger.rb:26:in `block in call'
activesupport (6.0.0.rc1) lib/active_support/tagged_logging.rb:80:in `block in tagged'
activesupport (6.0.0.rc1) lib/active_support/tagged_logging.rb:28:in `tagged'
activesupport (6.0.0.rc1) lib/active_support/tagged_logging.rb:80:in `tagged'
railties (6.0.0.rc1) lib/rails/rack/logger.rb:26:in `call'
actionpack (6.0.0.rc1) lib/action_dispatch/middleware/stack.rb:57:in `block in call'
activesupport (6.0.0.rc1) lib/active_support/notifications.rb:182:in `instrument'
actionpack (6.0.0.rc1) lib/action_dispatch/middleware/stack.rb:56:in `call'
sprockets-rails (3.2.1) lib/sprockets/rails/quiet_assets.rb:13:in `call'
actionpack (6.0.0.rc1) lib/action_dispatch/middleware/stack.rb:57:in `block in call'
activesupport (6.0.0.rc1) lib/active_support/notifications.rb:182:in `instrument'
actionpack (6.0.0.rc1) lib/action_dispatch/middleware/stack.rb:56:in `call'
actionpack (6.0.0.rc1) lib/action_dispatch/middleware/remote_ip.rb:81:in `call'
actionpack (6.0.0.rc1) lib/action_dispatch/middleware/stack.rb:57:in `block in call'
activesupport (6.0.0.rc1) lib/active_support/notifications.rb:182:in `instrument'
actionpack (6.0.0.rc1) lib/action_dispatch/middleware/stack.rb:56:in `call'
actionpack (6.0.0.rc1) lib/action_dispatch/middleware/request_id.rb:27:in `call'
actionpack (6.0.0.rc1) lib/action_dispatch/middleware/stack.rb:57:in `block in call'
activesupport (6.0.0.rc1) lib/active_support/notifications.rb:182:in `instrument'
actionpack (6.0.0.rc1) lib/action_dispatch/middleware/stack.rb:56:in `call'
rack (2.0.7) lib/rack/method_override.rb:22:in `call'
actionpack (6.0.0.rc1) lib/action_dispatch/middleware/stack.rb:57:in `block in call'
activesupport (6.0.0.rc1) lib/active_support/notifications.rb:182:in `instrument'
actionpack (6.0.0.rc1) lib/action_dispatch/middleware/stack.rb:56:in `call'
rack (2.0.7) lib/rack/runtime.rb:22:in `call'
actionpack (6.0.0.rc1) lib/action_dispatch/middleware/stack.rb:57:in `block in call'
activesupport (6.0.0.rc1) lib/active_support/notifications.rb:182:in `instrument'
actionpack (6.0.0.rc1) lib/action_dispatch/middleware/stack.rb:56:in `call'
activesupport (6.0.0.rc1) lib/active_support/cache/strategy/local_cache_middleware.rb:29:in `call'
actionpack (6.0.0.rc1) lib/action_dispatch/middleware/stack.rb:57:in `block in call'
activesupport (6.0.0.rc1) lib/active_support/notifications.rb:182:in `instrument'
actionpack (6.0.0.rc1) lib/action_dispatch/middleware/stack.rb:56:in `call'
actionpack (6.0.0.rc1) lib/action_dispatch/middleware/executor.rb:14:in `call'
actionpack (6.0.0.rc1) lib/action_dispatch/middleware/stack.rb:57:in `block in call'
activesupport (6.0.0.rc1) lib/active_support/notifications.rb:182:in `instrument'
actionpack (6.0.0.rc1) lib/action_dispatch/middleware/stack.rb:56:in `call'
actionpack (6.0.0.rc1) lib/action_dispatch/middleware/static.rb:126:in `call'
actionpack (6.0.0.rc1) lib/action_dispatch/middleware/stack.rb:57:in `block in call'
activesupport (6.0.0.rc1) lib/active_support/notifications.rb:182:in `instrument'
actionpack (6.0.0.rc1) lib/action_dispatch/middleware/stack.rb:56:in `call'
rack (2.0.7) lib/rack/sendfile.rb:111:in `call'
actionpack (6.0.0.rc1) lib/action_dispatch/middleware/stack.rb:57:in `block in call'
activesupport (6.0.0.rc1) lib/active_support/notifications.rb:182:in `instrument'
actionpack (6.0.0.rc1) lib/action_dispatch/middleware/stack.rb:56:in `call'
actionpack (6.0.0.rc1) lib/action_dispatch/middleware/host_authorization.rb:83:in `call'
actionpack (6.0.0.rc1) lib/action_dispatch/middleware/stack.rb:57:in `block in call'
activesupport (6.0.0.rc1) lib/active_support/notifications.rb:182:in `instrument'
actionpack (6.0.0.rc1) lib/action_dispatch/middleware/stack.rb:56:in `call'
webpacker (4.0.7) lib/webpacker/dev_server_proxy.rb:29:in `perform_request'
rack-proxy (0.6.5) lib/rack/proxy.rb:57:in `call'
actionpack (6.0.0.rc1) lib/action_dispatch/middleware/stack.rb:57:in `block in call'
activesupport (6.0.0.rc1) lib/active_support/notifications.rb:182:in `instrument'
actionpack (6.0.0.rc1) lib/action_dispatch/middleware/stack.rb:56:in `call'
railties (6.0.0.rc1) lib/rails/engine.rb:526:in `call'
puma (3.12.1) lib/puma/configuration.rb:227:in `call'
puma (3.12.1) lib/puma/server.rb:660:in `handle_request'
puma (3.12.1) lib/puma/server.rb:474:in `process_client'
puma (3.12.1) lib/puma/server.rb:334:in `block in run'
puma (3.12.1) lib/puma/thread_pool.rb:135:in `block in spawn_thread'
  [1m[35m (1759.5ms)[0m  [1m[35mCREATE DATABASE "ExpSol_development" ENCODING = 'unicode'[0m
  [1m[35m (1388.5ms)[0m  [1m[35mCREATE DATABASE "ExpSol_test" ENCODING = 'unicode'[0m
Started GET "/" for 127.0.0.1 at 2019-06-30 20:49:01 +0300
Processing by Rails::WelcomeController#index as HTML
  Rendering /home/vasya539/.rbenv/versions/2.6.3/lib/ruby/gems/2.6.0/gems/railties-6.0.0.rc1/lib/rails/templates/rails/welcome/index.html.erb
  Rendered /home/vasya539/.rbenv/versions/2.6.3/lib/ruby/gems/2.6.0/gems/railties-6.0.0.rc1/lib/rails/templates/rails/welcome/index.html.erb (Duration: 23.7ms | Allocations: 309)
Completed 200 OK in 33ms (Views: 25.8ms | ActiveRecord: 0.0ms | Allocations: 1665)


Started GET "/" for 127.0.0.1 at 2019-06-30 20:59:26 +0300
Processing by Rails::WelcomeController#index as HTML
  Rendering /home/vasya539/.rbenv/versions/2.6.3/lib/ruby/gems/2.6.0/gems/railties-6.0.0.rc1/lib/rails/templates/rails/welcome/index.html.erb
  Rendered /home/vasya539/.rbenv/versions/2.6.3/lib/ruby/gems/2.6.0/gems/railties-6.0.0.rc1/lib/rails/templates/rails/welcome/index.html.erb (Duration: 10.6ms | Allocations: 310)
Completed 200 OK in 29ms (Views: 16.3ms | ActiveRecord: 0.0ms | Allocations: 1666)


